<?xml version="1.0" encoding="UTF-8"?>
<!-- Generated by org.testng.reporters.JUnitXMLReporter -->
<testsuite ignored="0" hostname="DESKTOP-3P7B85N" failures="1" tests="2" name="ChromeTest" time="7.883" errors="0" timestamp="2025-06-27T12:25:51 IST">
  <testcase classname="Mainproject.HomePageTest" name="logout" time="0.053">
    <failure type="java.io.FileNotFoundException" message="C:\Users\LENOVO\eclipse-workspace\7martSupermarket\src\main\resources\TestData.xlsx (The system cannot find the file specified)">
      <![CDATA[java.io.FileNotFoundException: C:\Users\LENOVO\eclipse-workspace\7martSupermarket\src\main\resources\TestData.xlsx (The system cannot find the file specified)
at java.base/java.io.FileInputStream.open0(Native Method)
at java.base/java.io.FileInputStream.open(FileInputStream.java:216)
at java.base/java.io.FileInputStream.<init>(FileInputStream.java:157)
at java.base/java.io.FileInputStream.<init>(FileInputStream.java:111)
at utilities.Excelutility.readStringData(Excelutility.java:19)
at Mainproject.HomePageTest.logout(HomePageTest.java:18)
at java.base/java.util.concurrent.Executors$RunnableAdapter.call(Executors.java:539)
at java.base/java.util.concurrent.FutureTask.run(FutureTask.java:264)
at java.base/java.util.concurrent.ThreadPoolExecutor.runWorker(ThreadPoolExecutor.java:1136)
at java.base/java.util.concurrent.ThreadPoolExecutor$Worker.run(ThreadPoolExecutor.java:635)
at java.base/java.lang.Thread.run(Thread.java:840)
... Removed 13 stack frames]]>
    </failure>
  </testcase> <!-- logout -->
  <testcase classname="Mainproject.AdminTest" name="varifyifadmincanadduser" time="3.621"/>
</testsuite> <!-- ChromeTest -->
